[    51.546] (--) Log file renamed from "/home/noleman91/.local/share/xorg/Xorg.pid-1330.log" to "/home/noleman91/.local/share/xorg/Xorg.0.log"
[    51.547] 
X.Org X Server 1.20.1
X Protocol Version 11, Revision 0
[    51.547] Build Operating System: Linux 4.4.0-140-generic x86_64 Ubuntu
[    51.547] Current Operating System: Linux noleman91-HP-ENVY-x360-m6-Convertible 4.18.0-17-generic #18~18.04.1-Ubuntu SMP Fri Mar 15 15:27:12 UTC 2019 x86_64
[    51.547] Kernel command line: BOOT_IMAGE=/boot/vmlinuz-4.18.0-17-generic root=UUID=6de2e6ff-c1c3-4ed8-945a-3055328a01bb ro quiet splash vt.handoff=1
[    51.547] Build Date: 27 November 2018  05:27:12PM
[    51.547] xorg-server-hwe-18.04 2:1.20.1-3ubuntu2.1~18.04.1 (For technical support please see http://www.ubuntu.com/support) 
[    51.547] Current version of pixman: 0.34.0
[    51.547] 	Before reporting problems, check http://wiki.x.org
	to make sure that you have the latest version.
[    51.547] Markers: (--) probed, (**) from config file, (==) default setting,
	(++) from command line, (!!) notice, (II) informational,
	(WW) warning, (EE) error, (NI) not implemented, (??) unknown.
[    51.548] (==) Log file: "/home/noleman91/.local/share/xorg/Xorg.0.log", Time: Mon Apr 15 21:54:14 2019
[    51.600] (==) Using system config directory "/usr/share/X11/xorg.conf.d"
[    51.614] (==) No Layout section.  Using the first Screen section.
[    51.615] (==) No screen section available. Using defaults.
[    51.615] (**) |-->Screen "Default Screen Section" (0)
[    51.615] (**) |   |-->Monitor "<default monitor>"
[    51.617] (==) No monitor specified for screen "Default Screen Section".
	Using a default monitor configuration.
[    51.617] (==) Automatically adding devices
[    51.617] (==) Automatically enabling devices
[    51.617] (==) Automatically adding GPU devices
[    51.617] (==) Automatically binding GPU devices
[    51.617] (==) Max clients allowed: 256, resource mask: 0x1fffff
[    51.617] (WW) The directory "/usr/share/fonts/X11/cyrillic" does not exist.
[    51.617] 	Entry deleted from font path.
[    51.617] (WW) The directory "/usr/share/fonts/X11/100dpi/" does not exist.
[    51.617] 	Entry deleted from font path.
[    51.617] (WW) The directory "/usr/share/fonts/X11/75dpi/" does not exist.
[    51.617] 	Entry deleted from font path.
[    51.617] (WW) The directory "/usr/share/fonts/X11/100dpi" does not exist.
[    51.617] 	Entry deleted from font path.
[    51.617] (WW) The directory "/usr/share/fonts/X11/75dpi" does not exist.
[    51.617] 	Entry deleted from font path.
[    51.617] (==) FontPath set to:
	/usr/share/fonts/X11/misc,
	/usr/share/fonts/X11/Type1,
	built-ins
[    51.617] (==) ModulePath set to "/usr/lib/xorg/modules"
[    51.617] (II) The server relies on udev to provide the list of input devices.
	If no devices become available, reconfigure udev or disable AutoAddDevices.
[    51.617] (II) Loader magic: 0x55d0c681e020
[    51.617] (II) Module ABI versions:
[    51.617] 	X.Org ANSI C Emulation: 0.4
[    51.617] 	X.Org Video Driver: 24.0
[    51.617] 	X.Org XInput driver : 24.1
[    51.617] 	X.Org Server Extension : 10.0
[    51.622] (++) using VT number 2

[    51.628] (II) systemd-logind: took control of session /org/freedesktop/login1/session/_32
[    51.630] (II) xfree86: Adding drm device (/dev/dri/card0)
[    51.631] (II) systemd-logind: got fd for /dev/dri/card0 226:0 fd 12 paused 0
[    51.638] (--) PCI:*(0@0:2:0) 8086:1916:103c:81ac rev 7, Mem @ 0xa0000000/16777216, 0x90000000/268435456, I/O @ 0x00003000/64, BIOS @ 0x????????/131072
[    51.638] (II) LoadModule: "glx"
[    51.653] (II) Loading /usr/lib/xorg/modules/extensions/libglx.so
[    51.663] (II) Module glx: vendor="X.Org Foundation"
[    51.663] 	compiled for 1.20.1, module version = 1.0.0
[    51.663] 	ABI class: X.Org Server Extension, version 10.0
[    51.663] (==) Matched modesetting as autoconfigured driver 0
[    51.663] (==) Matched fbdev as autoconfigured driver 1
[    51.663] (==) Matched vesa as autoconfigured driver 2
[    51.663] (==) Assigned the driver to the xf86ConfigLayout
[    51.663] (II) LoadModule: "modesetting"
[    51.664] (II) Loading /usr/lib/xorg/modules/drivers/modesetting_drv.so
[    51.674] (II) Module modesetting: vendor="X.Org Foundation"
[    51.674] 	compiled for 1.20.1, module version = 1.20.1
[    51.674] 	Module class: X.Org Video Driver
[    51.674] 	ABI class: X.Org Video Driver, version 24.0
[    51.674] (II) LoadModule: "fbdev"
[    51.675] (II) Loading /usr/lib/xorg/modules/drivers/fbdev_drv.so
[    51.681] (II) Module fbdev: vendor="X.Org Foundation"
[    51.681] 	compiled for 1.20.1, module version = 0.5.0
[    51.681] 	Module class: X.Org Video Driver
[    51.681] 	ABI class: X.Org Video Driver, version 24.0
[    51.681] (II) LoadModule: "vesa"
[    51.681] (II) Loading /usr/lib/xorg/modules/drivers/vesa_drv.so
[    51.691] (II) Module vesa: vendor="X.Org Foundation"
[    51.691] 	compiled for 1.20.1, module version = 2.4.0
[    51.691] 	Module class: X.Org Video Driver
[    51.691] 	ABI class: X.Org Video Driver, version 24.0
[    51.691] (II) modesetting: Driver for Modesetting Kernel Drivers: kms
[    51.692] (II) FBDEV: driver for framebuffer: fbdev
[    51.692] (II) VESA: driver for VESA chipsets: vesa
[    51.692] xf86EnableIOPorts: failed to set IOPL for I/O (Operation not permitted)
[    51.692] (II) modeset(0): using drv /dev/dri/card0
[    51.692] (WW) Falling back to old probe method for fbdev
[    51.692] (II) Loading sub module "fbdevhw"
[    51.692] (II) LoadModule: "fbdevhw"
[    51.703] (II) Loading /usr/lib/xorg/modules/libfbdevhw.so
[    51.707] (II) Module fbdevhw: vendor="X.Org Foundation"
[    51.707] 	compiled for 1.20.1, module version = 0.0.2
[    51.707] 	ABI class: X.Org Video Driver, version 24.0
[    51.707] (EE) open /dev/fb0: Permission denied
[    51.707] (WW) VGA arbiter: cannot open kernel arbiter, no multi-card support
[    51.708] (II) modeset(0): Creating default Display subsection in Screen section
	"Default Screen Section" for depth/fbbpp 24/32
[    51.708] (==) modeset(0): Depth 24, (==) framebuffer bpp 32
[    51.708] (==) modeset(0): RGB weight 888
[    51.708] (==) modeset(0): Default visual is TrueColor
[    51.708] (II) Loading sub module "glamoregl"
[    51.708] (II) LoadModule: "glamoregl"
[    51.708] (II) Loading /usr/lib/xorg/modules/libglamoregl.so
[    51.717] (II) Module glamoregl: vendor="X.Org Foundation"
[    51.717] 	compiled for 1.20.1, module version = 1.0.1
[    51.717] 	ABI class: X.Org ANSI C Emulation, version 0.4
[    51.743] (II) modeset(0): glamor X acceleration enabled on Mesa DRI Intel(R) HD Graphics 520 (Skylake GT2) 
[    51.744] (II) modeset(0): glamor initialized
[    51.745] (II) modeset(0): Output eDP-1 has no monitor section
[    51.749] (II) modeset(0): Output HDMI-1 has no monitor section
[    51.751] (II) modeset(0): EDID for output eDP-1
[    51.751] (II) modeset(0): Manufacturer: SDC  Model: 5744  Serial#: 0
[    51.751] (II) modeset(0): Year: 2015  Week: 0
[    51.751] (II) modeset(0): EDID Version: 1.4
[    51.751] (II) modeset(0): Digital Display Input
[    51.751] (II) modeset(0): 8 bits per channel
[    51.751] (II) modeset(0): Digital interface is DisplayPort
[    51.751] (II) modeset(0): Max Image Size [cm]: horiz.: 34  vert.: 19
[    51.751] (II) modeset(0): Gamma: 2.20
[    51.751] (II) modeset(0): No DPMS capabilities specified
[    51.751] (II) modeset(0): Supported color encodings: RGB 4:4:4 YCrCb 4:4:4 
[    51.751] (II) modeset(0): First detailed timing is preferred mode
[    51.751] (II) modeset(0): Preferred mode is native pixel format and refresh rate
[    51.751] (II) modeset(0): redX: 0.601 redY: 0.350   greenX: 0.337 greenY: 0.558
[    51.751] (II) modeset(0): blueX: 0.156 blueY: 0.119   whiteX: 0.313 whiteY: 0.329
[    51.751] (II) modeset(0): Manufacturer's mask: 0
[    51.751] (II) modeset(0): Supported detailed timing:
[    51.751] (II) modeset(0): clock: 142.9 MHz   Image Size:  344 x 194 mm
[    51.751] (II) modeset(0): h_active: 1920  h_sync: 1968  h_sync_end 2000 h_blank_end 2082 h_border: 0
[    51.751] (II) modeset(0): v_active: 1080  v_sync: 1082  v_sync_end 1087 v_blanking: 1144 v_border: 0
[    51.751] (II) modeset(0): Supported detailed timing:
[    51.751] (II) modeset(0): clock: 95.3 MHz   Image Size:  344 x 194 mm
[    51.751] (II) modeset(0): h_active: 1920  h_sync: 1968  h_sync_end 2000 h_blank_end 2082 h_border: 0
[    51.751] (II) modeset(0): v_active: 1080  v_sync: 1082  v_sync_end 1087 v_blanking: 1144 v_border: 0
[    51.751] (II) modeset(0): Unknown vendor-specific block 2
[    51.751] (II) modeset(0): EDID (in hex):
[    51.751] (II) modeset(0): 	00ffffffffffff004c83445700000000
[    51.751] (II) modeset(0): 	00190104a52213780ae7259959568e28
[    51.751] (II) modeset(0): 	1e505400000001010101010101010101
[    51.751] (II) modeset(0): 	010101010101d23780a2703840403020
[    51.751] (II) modeset(0): 	250058c210000019372580a270384040
[    51.751] (II) modeset(0): 	3020250058c210000019000000000000
[    51.751] (II) modeset(0): 	00000000000000000000000000000002
[    51.751] (II) modeset(0): 	000c3fff0c3c7d1e18327d00000000e7
[    51.751] (II) modeset(0): Printing probed modes for output eDP-1
[    51.751] (II) modeset(0): Modeline "1920x1080"x60.0  142.90  1920 1968 2000 2082  1080 1082 1087 1144 -hsync -vsync (68.6 kHz eP)
[    51.751] (II) modeset(0): Modeline "1920x1080"x119.9  266.50  1920 1944 1960 2000  1080 1081 1084 1111 doublescan +hsync -vsync (133.2 kHz d)
[    51.751] (II) modeset(0): Modeline "1920x1080"x60.0  173.00  1920 2048 2248 2576  1080 1083 1088 1120 -hsync +vsync (67.2 kHz d)
[    51.751] (II) modeset(0): Modeline "1920x1080"x59.9  138.50  1920 1968 2000 2080  1080 1083 1088 1111 +hsync -vsync (66.6 kHz d)
[    51.751] (II) modeset(0): Modeline "1920x1080"x40.0   95.27  1920 1968 2000 2082  1080 1082 1087 1144 -hsync -vsync (45.8 kHz e)
[    51.751] (II) modeset(0): Modeline "1680x1050"x60.0  146.25  1680 1784 1960 2240  1050 1053 1059 1089 -hsync +vsync (65.3 kHz d)
[    51.751] (II) modeset(0): Modeline "1680x1050"x59.9  119.00  1680 1728 1760 1840  1050 1053 1059 1080 +hsync -vsync (64.7 kHz d)
[    51.751] (II) modeset(0): Modeline "1600x1024"x60.2  103.12  1600 1600 1656 1664  1024 1024 1029 1030 +hsync +vsync (62.0 kHz d)
[    51.751] (II) modeset(0): Modeline "1400x1050"x60.0  122.00  1400 1488 1640 1880  1050 1052 1064 1082 +hsync +vsync (64.9 kHz d)
[    51.751] (II) modeset(0): Modeline "1600x900"x120.0  246.00  1600 1728 1900 2200  900 901 904 932 doublescan -hsync +vsync (111.8 kHz d)
[    51.751] (II) modeset(0): Modeline "1600x900"x119.9  186.50  1600 1624 1640 1680  900 901 904 926 doublescan +hsync -vsync (111.0 kHz d)
[    51.751] (II) modeset(0): Modeline "1600x900"x59.9  118.25  1600 1696 1856 2112  900 903 908 934 -hsync +vsync (56.0 kHz d)
[    51.751] (II) modeset(0): Modeline "1600x900"x59.8   97.50  1600 1648 1680 1760  900 903 908 926 +hsync -vsync (55.4 kHz d)
[    51.752] (II) modeset(0): Modeline "1280x1024"x60.0  108.00  1280 1328 1440 1688  1024 1025 1028 1066 +hsync +vsync (64.0 kHz d)
[    51.752] (II) modeset(0): Modeline "1440x900"x59.9  106.50  1440 1520 1672 1904  900 903 909 934 -hsync +vsync (55.9 kHz d)
[    51.752] (II) modeset(0): Modeline "1400x900"x60.0  103.50  1400 1480 1624 1848  900 903 913 934 -hsync +vsync (56.0 kHz d)
[    51.752] (II) modeset(0): Modeline "1400x900"x59.9   86.50  1400 1448 1480 1560  900 903 913 926 +hsync -vsync (55.4 kHz d)
[    51.752] (II) modeset(0): Modeline "1280x960"x60.0  108.00  1280 1376 1488 1800  960 961 964 1000 +hsync +vsync (60.0 kHz d)
[    51.752] (II) modeset(0): Modeline "1440x810"x120.0  198.12  1440 1548 1704 1968  810 811 814 839 doublescan -hsync +vsync (100.7 kHz d)
[    51.752] (II) modeset(0): Modeline "1440x810"x119.9  151.88  1440 1464 1480 1520  810 811 814 833 doublescan +hsync -vsync (99.9 kHz d)
[    51.752] (II) modeset(0): Modeline "1368x768"x59.9   85.25  1368 1440 1576 1784  768 771 781 798 -hsync +vsync (47.8 kHz d)
[    51.752] (II) modeset(0): Modeline "1368x768"x59.9   72.25  1368 1416 1448 1528  768 771 781 790 +hsync -vsync (47.3 kHz d)
[    51.752] (II) modeset(0): Modeline "1360x768"x59.8   84.75  1360 1432 1568 1776  768 771 781 798 -hsync +vsync (47.7 kHz d)
[    51.752] (II) modeset(0): Modeline "1360x768"x60.0   72.00  1360 1408 1440 1520  768 771 781 790 +hsync -vsync (47.4 kHz d)
[    51.752] (II) modeset(0): Modeline "1280x800"x120.0  174.25  1280 1380 1516 1752  800 801 804 829 doublescan -hsync +vsync (99.5 kHz d)
[    51.752] (II) modeset(0): Modeline "1280x800"x119.9  134.25  1280 1304 1320 1360  800 801 804 823 doublescan +hsync -vsync (98.7 kHz d)
[    51.752] (II) modeset(0): Modeline "1280x800"x59.8   83.50  1280 1352 1480 1680  800 803 809 831 -hsync +vsync (49.7 kHz d)
[    51.752] (II) modeset(0): Modeline "1280x800"x59.9   71.00  1280 1328 1360 1440  800 803 809 823 +hsync -vsync (49.3 kHz d)
[    51.752] (II) modeset(0): Modeline "1152x864"x60.0   81.62  1152 1216 1336 1520  864 865 868 895 -hsync +vsync (53.7 kHz d)
[    51.752] (II) modeset(0): Modeline "1280x720"x120.0  156.12  1280 1376 1512 1744  720 721 724 746 doublescan -hsync +vsync (89.5 kHz d)
[    51.752] (II) modeset(0): Modeline "1280x720"x120.0  120.75  1280 1304 1320 1360  720 721 724 740 doublescan +hsync -vsync (88.8 kHz d)
[    51.752] (II) modeset(0): Modeline "1280x720"x59.9   74.50  1280 1344 1472 1664  720 723 728 748 -hsync +vsync (44.8 kHz d)
[    51.752] (II) modeset(0): Modeline "1280x720"x59.7   63.75  1280 1328 1360 1440  720 723 728 741 +hsync -vsync (44.3 kHz d)
[    51.752] (II) modeset(0): Modeline "1024x768"x120.1  133.47  1024 1100 1212 1400  768 768 770 794 doublescan -hsync +vsync (95.3 kHz d)
[    51.752] (II) modeset(0): Modeline "1024x768"x60.0   65.00  1024 1048 1184 1344  768 771 777 806 -hsync -vsync (48.4 kHz d)
[    51.752] (II) modeset(0): Modeline "960x720"x120.0  117.00  960 1024 1128 1300  720 720 722 750 doublescan -hsync +vsync (90.0 kHz d)
[    51.752] (II) modeset(0): Modeline "928x696"x120.1  109.15  928 976 1088 1264  696 696 698 719 doublescan -hsync +vsync (86.4 kHz d)
[    51.752] (II) modeset(0): Modeline "896x672"x120.0  102.40  896 960 1060 1224  672 672 674 697 doublescan -hsync +vsync (83.7 kHz d)
[    51.752] (II) modeset(0): Modeline "1024x576"x119.9   98.50  1024 1092 1200 1376  576 577 580 597 doublescan -hsync +vsync (71.6 kHz d)
[    51.752] (II) modeset(0): Modeline "1024x576"x119.9   78.38  1024 1048 1064 1104  576 577 580 592 doublescan +hsync -vsync (71.0 kHz d)
[    51.752] (II) modeset(0): Modeline "1024x576"x59.9   46.50  1024 1064 1160 1296  576 579 584 599 -hsync +vsync (35.9 kHz d)
[    51.752] (II) modeset(0): Modeline "1024x576"x59.8   42.00  1024 1072 1104 1184  576 579 584 593 +hsync -vsync (35.5 kHz d)
[    51.752] (II) modeset(0): Modeline "960x600"x119.9   96.62  960 1028 1128 1296  600 601 604 622 doublescan -hsync +vsync (74.6 kHz d)
[    51.752] (II) modeset(0): Modeline "960x600"x120.0   77.00  960 984 1000 1040  600 601 604 617 doublescan +hsync -vsync (74.0 kHz d)
[    51.752] (II) modeset(0): Modeline "960x540"x119.9   86.50  960 1024 1124 1288  540 541 544 560 doublescan -hsync +vsync (67.2 kHz d)
[    51.752] (II) modeset(0): Modeline "960x540"x120.0   69.25  960 984 1000 1040  540 541 544 555 doublescan +hsync -vsync (66.6 kHz d)
[    51.752] (II) modeset(0): Modeline "960x540"x59.6   40.75  960 992 1088 1216  540 543 548 562 -hsync +vsync (33.5 kHz d)
[    51.752] (II) modeset(0): Modeline "960x540"x59.8   37.25  960 1008 1040 1120  540 543 548 556 +hsync -vsync (33.3 kHz d)
[    51.752] (II) modeset(0): Modeline "800x600"x120.0   81.00  800 832 928 1080  600 600 602 625 doublescan +hsync +vsync (75.0 kHz d)
[    51.752] (II) modeset(0): Modeline "800x600"x60.3   40.00  800 840 968 1056  600 601 605 628 +hsync +vsync (37.9 kHz d)
[    51.752] (II) modeset(0): Modeline "800x600"x56.2   36.00  800 824 896 1024  600 601 603 625 +hsync +vsync (35.2 kHz d)
[    51.752] (II) modeset(0): Modeline "840x525"x120.0   73.12  840 892 980 1120  525 526 529 544 doublescan -hsync +vsync (65.3 kHz d)
[    51.752] (II) modeset(0): Modeline "840x525"x119.8   59.50  840 864 880 920  525 526 529 540 doublescan +hsync -vsync (64.7 kHz d)
[    51.752] (II) modeset(0): Modeline "864x486"x59.9   32.50  864 888 968 1072  486 489 494 506 -hsync +vsync (30.3 kHz d)
[    51.752] (II) modeset(0): Modeline "864x486"x59.6   30.50  864 912 944 1024  486 489 494 500 +hsync -vsync (29.8 kHz d)
[    51.752] (II) modeset(0): Modeline "800x512"x120.3   51.56  800 800 828 832  512 512 514 515 doublescan +hsync +vsync (62.0 kHz d)
[    51.752] (II) modeset(0): Modeline "700x525"x120.0   61.00  700 744 820 940  525 526 532 541 doublescan +hsync +vsync (64.9 kHz d)
[    51.752] (II) modeset(0): Modeline "800x450"x119.9   59.12  800 848 928 1056  450 451 454 467 doublescan -hsync +vsync (56.0 kHz d)
[    51.752] (II) modeset(0): Modeline "800x450"x119.6   48.75  800 824 840 880  450 451 454 463 doublescan +hsync -vsync (55.4 kHz d)
[    51.752] (II) modeset(0): Modeline "640x512"x120.0   54.00  640 664 720 844  512 512 514 533 doublescan +hsync +vsync (64.0 kHz d)
[    51.752] (II) modeset(0): Modeline "720x450"x119.8   53.25  720 760 836 952  450 451 454 467 doublescan -hsync +vsync (55.9 kHz d)
[    51.752] (II) modeset(0): Modeline "700x450"x119.9   51.75  700 740 812 924  450 451 456 467 doublescan -hsync +vsync (56.0 kHz d)
[    51.752] (II) modeset(0): Modeline "700x450"x119.8   43.25  700 724 740 780  450 451 456 463 doublescan +hsync -vsync (55.4 kHz d)
[    51.752] (II) modeset(0): Modeline "640x480"x120.0   54.00  640 688 744 900  480 480 482 500 doublescan +hsync +vsync (60.0 kHz d)
[    51.752] (II) modeset(0): Modeline "640x480"x59.9   25.18  640 656 752 800  480 490 492 525 -hsync -vsync (31.5 kHz d)
[    51.752] (II) modeset(0): Modeline "720x405"x59.5   22.50  720 744 808 896  405 408 413 422 -hsync +vsync (25.1 kHz d)
[    51.752] (II) modeset(0): Modeline "720x405"x59.0   21.75  720 768 800 880  405 408 413 419 +hsync -vsync (24.7 kHz d)
[    51.752] (II) modeset(0): Modeline "684x384"x119.8   42.62  684 720 788 892  384 385 390 399 doublescan -hsync +vsync (47.8 kHz d)
[    51.752] (II) modeset(0): Modeline "684x384"x119.7   36.12  684 708 724 764  384 385 390 395 doublescan +hsync -vsync (47.3 kHz d)
[    51.752] (II) modeset(0): Modeline "680x384"x119.6   42.38  680 716 784 888  384 385 390 399 doublescan -hsync +vsync (47.7 kHz d)
[    51.752] (II) modeset(0): Modeline "680x384"x119.9   36.00  680 704 720 760  384 385 390 395 doublescan +hsync -vsync (47.4 kHz d)
[    51.752] (II) modeset(0): Modeline "640x400"x119.8   41.75  640 676 740 840  400 401 404 415 doublescan -hsync +vsync (49.7 kHz d)
[    51.752] (II) modeset(0): Modeline "640x400"x120.0   35.50  640 664 680 720  400 401 404 411 doublescan +hsync -vsync (49.3 kHz d)
[    51.752] (II) modeset(0): Modeline "576x432"x120.1   40.81  576 608 668 760  432 432 434 447 doublescan -hsync +vsync (53.7 kHz d)
[    51.752] (II) modeset(0): Modeline "640x360"x119.7   37.25  640 672 736 832  360 361 364 374 doublescan -hsync +vsync (44.8 kHz d)
[    51.752] (II) modeset(0): Modeline "640x360"x119.7   31.88  640 664 680 720  360 361 364 370 doublescan +hsync -vsync (44.3 kHz d)
[    51.752] (II) modeset(0): Modeline "640x360"x59.8   18.00  640 664 720 800  360 363 368 376 -hsync +vsync (22.5 kHz d)
[    51.752] (II) modeset(0): Modeline "640x360"x59.3   17.75  640 688 720 800  360 363 368 374 +hsync -vsync (22.2 kHz d)
[    51.752] (II) modeset(0): Modeline "512x384"x120.0   32.50  512 524 592 672  384 385 388 403 doublescan -hsync -vsync (48.4 kHz d)
[    51.752] (II) modeset(0): Modeline "512x288"x120.0   23.25  512 532 580 648  288 289 292 299 doublescan -hsync +vsync (35.9 kHz d)
[    51.752] (II) modeset(0): Modeline "512x288"x119.8   21.00  512 536 552 592  288 289 292 296 doublescan +hsync -vsync (35.5 kHz d)
[    51.752] (II) modeset(0): Modeline "480x270"x119.3   20.38  480 496 544 608  270 271 274 281 doublescan -hsync +vsync (33.5 kHz d)
[    51.752] (II) modeset(0): Modeline "480x270"x119.6   18.62  480 504 520 560  270 271 274 278 doublescan +hsync -vsync (33.3 kHz d)
[    51.752] (II) modeset(0): Modeline "400x300"x120.6   20.00  400 420 484 528  300 300 302 314 doublescan +hsync +vsync (37.9 kHz d)
[    51.752] (II) modeset(0): Modeline "400x300"x112.7   18.00  400 412 448 512  300 300 301 312 doublescan +hsync +vsync (35.2 kHz d)
[    51.752] (II) modeset(0): Modeline "432x243"x119.8   16.25  432 444 484 536  243 244 247 253 doublescan -hsync +vsync (30.3 kHz d)
[    51.752] (II) modeset(0): Modeline "432x243"x119.1   15.25  432 456 472 512  243 244 247 250 doublescan +hsync -vsync (29.8 kHz d)
[    51.752] (II) modeset(0): Modeline "320x240"x120.1   12.59  320 328 376 400  240 245 246 262 doublescan -hsync -vsync (31.5 kHz d)
[    51.752] (II) modeset(0): Modeline "360x202"x119.0   11.25  360 372 404 448  202 204 206 211 doublescan -hsync +vsync (25.1 kHz d)
[    51.753] (II) modeset(0): Modeline "360x202"x118.3   10.88  360 384 400 440  202 204 206 209 doublescan +hsync -vsync (24.7 kHz d)
[    51.753] (II) modeset(0): Modeline "320x180"x119.7    9.00  320 332 360 400  180 181 184 188 doublescan -hsync +vsync (22.5 kHz d)
[    51.753] (II) modeset(0): Modeline "320x180"x118.6    8.88  320 344 360 400  180 181 184 187 doublescan +hsync -vsync (22.2 kHz d)
[    51.758] (II) modeset(0): EDID for output HDMI-1
[    51.758] (II) modeset(0): Output eDP-1 connected
[    51.758] (II) modeset(0): Output HDMI-1 disconnected
[    51.758] (II) modeset(0): Using exact sizes for initial modes
[    51.758] (II) modeset(0): Output eDP-1 using initial mode 1920x1080 +0+0
[    51.758] (==) modeset(0): Using gamma correction (1.0, 1.0, 1.0)
[    51.758] (==) modeset(0): DPI set to (96, 96)
[    51.758] (II) Loading sub module "fb"
[    51.758] (II) LoadModule: "fb"
[    51.758] (II) Loading /usr/lib/xorg/modules/libfb.so
[    51.767] (II) Module fb: vendor="X.Org Foundation"
[    51.767] 	compiled for 1.20.1, module version = 1.0.0
[    51.767] 	ABI class: X.Org ANSI C Emulation, version 0.4
[    51.767] (II) UnloadModule: "fbdev"
[    51.767] (II) Unloading fbdev
[    51.767] (II) UnloadSubModule: "fbdevhw"
[    51.767] (II) Unloading fbdevhw
[    51.767] (II) UnloadModule: "vesa"
[    51.767] (II) Unloading vesa
[    51.905] (==) modeset(0): Backing store enabled
[    51.905] (==) modeset(0): Silken mouse enabled
[    51.975] (II) modeset(0): Initializing kms color map for depth 24, 8 bpc.
[    51.975] (==) modeset(0): DPMS enabled
[    51.976] (II) modeset(0): [DRI2] Setup complete
[    51.976] (II) modeset(0): [DRI2]   DRI driver: i965
[    51.976] (II) modeset(0): [DRI2]   VDPAU driver: i965
[    51.976] (II) Initializing extension Generic Event Extension
[    51.976] (II) Initializing extension SHAPE
[    51.976] (II) Initializing extension MIT-SHM
[    51.976] (II) Initializing extension XInputExtension
[    51.977] (II) Initializing extension XTEST
[    51.977] (II) Initializing extension BIG-REQUESTS
[    51.978] (II) Initializing extension SYNC
[    51.978] (II) Initializing extension XKEYBOARD
[    51.978] (II) Initializing extension XC-MISC
[    51.979] (II) Initializing extension SECURITY
[    51.979] (II) Initializing extension XFIXES
[    51.979] (II) Initializing extension RENDER
[    51.979] (II) Initializing extension RANDR
[    51.980] (II) Initializing extension COMPOSITE
[    51.980] (II) Initializing extension DAMAGE
[    51.981] (II) Initializing extension MIT-SCREEN-SAVER
[    51.981] (II) Initializing extension DOUBLE-BUFFER
[    51.981] (II) Initializing extension RECORD
[    51.982] (II) Initializing extension DPMS
[    51.982] (II) Initializing extension Present
[    51.982] (II) Initializing extension DRI3
[    51.983] (II) Initializing extension X-Resource
[    51.983] (II) Initializing extension XVideo
[    51.983] (II) Initializing extension XVideo-MotionCompensation
[    51.983] (II) Initializing extension SELinux
[    51.984] (II) SELinux: Disabled on system
[    51.984] (II) Initializing extension GLX
[    51.996] (II) AIGLX: Loaded and initialized i965
[    51.996] (II) GLX: Initialized DRI2 GL provider for screen 0
[    51.996] (II) Initializing extension XFree86-VidModeExtension
[    51.997] (II) Initializing extension XFree86-DGA
[    51.997] (II) Initializing extension XFree86-DRI
[    51.997] (II) Initializing extension DRI2
[    52.003] (II) modeset(0): Damage tracking initialized
[    52.003] (II) modeset(0): Setting screen physical size to 508 x 285
[    52.072] (II) config/udev: Adding input device Power Button (/dev/input/event2)
[    52.072] (**) Power Button: Applying InputClass "libinput keyboard catchall"
[    52.072] (II) LoadModule: "libinput"
[    52.072] (II) Loading /usr/lib/xorg/modules/input/libinput_drv.so
[    52.085] (II) Module libinput: vendor="X.Org Foundation"
[    52.085] 	compiled for 1.20.1, module version = 0.28.1
[    52.085] 	Module class: X.Org XInput Driver
[    52.085] 	ABI class: X.Org XInput driver, version 24.1
[    52.085] (II) Using input driver 'libinput' for 'Power Button'
[    52.085] (II) systemd-logind: got fd for /dev/input/event2 13:66 fd 21 paused 0
[    52.086] (**) Power Button: always reports core events
[    52.086] (**) Option "Device" "/dev/input/event2"
[    52.086] (**) Option "_source" "server/udev"
[    52.086] (II) event2  - Power Button: is tagged by udev as: Keyboard
[    52.086] (II) event2  - Power Button: device is a keyboard
[    52.086] (II) event2  - Power Button: device removed
[    52.086] (**) Option "config_info" "udev:/sys/devices/LNXSYSTM:00/LNXPWRBN:00/input/input2/event2"
[    52.086] (II) XINPUT: Adding extended input device "Power Button" (type: KEYBOARD, id 6)
[    52.086] (**) Option "xkb_model" "pc105"
[    52.086] (**) Option "xkb_layout" "us"
[    52.087] (II) event2  - Power Button: is tagged by udev as: Keyboard
[    52.087] (II) event2  - Power Button: device is a keyboard
[    52.087] (II) config/udev: Adding input device Video Bus (/dev/input/event11)
[    52.087] (**) Video Bus: Applying InputClass "libinput keyboard catchall"
[    52.087] (II) Using input driver 'libinput' for 'Video Bus'
[    52.089] (II) systemd-logind: got fd for /dev/input/event11 13:75 fd 24 paused 0
[    52.089] (**) Video Bus: always reports core events
[    52.089] (**) Option "Device" "/dev/input/event11"
[    52.089] (**) Option "_source" "server/udev"
[    52.090] (II) event11 - Video Bus: is tagged by udev as: Keyboard
[    52.090] (II) event11 - Video Bus: device is a keyboard
[    52.090] (II) event11 - Video Bus: device removed
[    52.090] (**) Option "config_info" "udev:/sys/devices/LNXSYSTM:00/LNXSYBUS:00/PNP0A08:00/LNXVIDEO:00/input/input13/event11"
[    52.090] (II) XINPUT: Adding extended input device "Video Bus" (type: KEYBOARD, id 7)
[    52.090] (**) Option "xkb_model" "pc105"
[    52.090] (**) Option "xkb_layout" "us"
[    52.090] (II) event11 - Video Bus: is tagged by udev as: Keyboard
[    52.090] (II) event11 - Video Bus: device is a keyboard
[    52.091] (II) config/udev: Adding input device Power Button (/dev/input/event1)
[    52.091] (**) Power Button: Applying InputClass "libinput keyboard catchall"
[    52.091] (II) Using input driver 'libinput' for 'Power Button'
[    52.092] (II) systemd-logind: got fd for /dev/input/event1 13:65 fd 25 paused 0
[    52.092] (**) Power Button: always reports core events
[    52.092] (**) Option "Device" "/dev/input/event1"
[    52.092] (**) Option "_source" "server/udev"
[    52.093] (II) event1  - Power Button: is tagged by udev as: Keyboard
[    52.093] (II) event1  - Power Button: device is a keyboard
[    52.093] (II) event1  - Power Button: device removed
[    52.093] (**) Option "config_info" "udev:/sys/devices/LNXSYSTM:00/LNXSYBUS:00/PNP0C0C:00/input/input1/event1"
[    52.093] (II) XINPUT: Adding extended input device "Power Button" (type: KEYBOARD, id 8)
[    52.093] (**) Option "xkb_model" "pc105"
[    52.093] (**) Option "xkb_layout" "us"
[    52.093] (II) event1  - Power Button: is tagged by udev as: Keyboard
[    52.093] (II) event1  - Power Button: device is a keyboard
[    52.094] (II) config/udev: Adding input device Lid Switch (/dev/input/event0)
[    52.094] (II) No input driver specified, ignoring this device.
[    52.094] (II) This device may have been added with another device file.
[    52.094] (II) config/udev: Adding input device HP Wide Vision HD: HP Wide Visi (/dev/input/event9)
[    52.094] (**) HP Wide Vision HD: HP Wide Visi: Applying InputClass "libinput keyboard catchall"
[    52.094] (II) Using input driver 'libinput' for 'HP Wide Vision HD: HP Wide Visi'
[    52.095] (II) systemd-logind: got fd for /dev/input/event9 13:73 fd 26 paused 0
[    52.095] (**) HP Wide Vision HD: HP Wide Visi: always reports core events
[    52.095] (**) Option "Device" "/dev/input/event9"
[    52.095] (**) Option "_source" "server/udev"
[    52.095] (II) event9  - HP Wide Vision HD: HP Wide Visi: is tagged by udev as: Keyboard
[    52.095] (II) event9  - HP Wide Vision HD: HP Wide Visi: device is a keyboard
[    52.095] (II) event9  - HP Wide Vision HD: HP Wide Visi: device removed
[    52.095] (**) Option "config_info" "udev:/sys/devices/pci0000:00/0000:00:14.0/usb1/1-4/1-4:1.0/input/input26/event9"
[    52.095] (II) XINPUT: Adding extended input device "HP Wide Vision HD: HP Wide Visi" (type: KEYBOARD, id 9)
[    52.096] (**) Option "xkb_model" "pc105"
[    52.096] (**) Option "xkb_layout" "us"
[    52.096] (II) event9  - HP Wide Vision HD: HP Wide Visi: is tagged by udev as: Keyboard
[    52.096] (II) event9  - HP Wide Vision HD: HP Wide Visi: device is a keyboard
[    52.097] (II) config/udev: Adding input device ELAN0732:00 04F3:2B28 (/dev/input/event8)
[    52.097] (**) ELAN0732:00 04F3:2B28: Applying InputClass "libinput touchscreen catchall"
[    52.097] (II) Using input driver 'libinput' for 'ELAN0732:00 04F3:2B28'
[    52.098] (II) systemd-logind: got fd for /dev/input/event8 13:72 fd 27 paused 0
[    52.098] (**) ELAN0732:00 04F3:2B28: always reports core events
[    52.098] (**) Option "Device" "/dev/input/event8"
[    52.098] (**) Option "_source" "server/udev"
[    52.099] (II) event8  - ELAN0732:00 04F3:2B28: is tagged by udev as: Touchscreen
[    52.099] (II) event8  - ELAN0732:00 04F3:2B28: device is a touch device
[    52.099] (II) event8  - ELAN0732:00 04F3:2B28: device removed
[    52.099] (**) Option "config_info" "udev:/sys/devices/pci0000:00/0000:00:15.1/i2c_designware.1/i2c-1/i2c-ELAN0732:00/0018:04F3:2B28.0009/input/input21/event8"
[    52.099] (II) XINPUT: Adding extended input device "ELAN0732:00 04F3:2B28" (type: TOUCHSCREEN, id 10)
[    52.099] (**) Option "AccelerationScheme" "none"
[    52.099] (**) ELAN0732:00 04F3:2B28: (accel) selected scheme none/0
[    52.099] (**) ELAN0732:00 04F3:2B28: (accel) acceleration factor: 2.000
[    52.099] (**) ELAN0732:00 04F3:2B28: (accel) acceleration threshold: 4
[    52.099] (II) event8  - ELAN0732:00 04F3:2B28: is tagged by udev as: Touchscreen
[    52.099] (II) event8  - ELAN0732:00 04F3:2B28: device is a touch device
[    52.100] (II) config/udev: Adding input device ELAN0732:00 04F3:2B28 (/dev/input/mouse1)
[    52.100] (II) No input driver specified, ignoring this device.
[    52.100] (II) This device may have been added with another device file.
[    52.100] (II) config/udev: Adding input device Intel Virtual Button driver (/dev/input/event6)
[    52.100] (**) Intel Virtual Button driver: Applying InputClass "libinput keyboard catchall"
[    52.100] (II) Using input driver 'libinput' for 'Intel Virtual Button driver'
[    52.101] (II) systemd-logind: got fd for /dev/input/event6 13:70 fd 28 paused 0
[    52.101] (**) Intel Virtual Button driver: always reports core events
[    52.101] (**) Option "Device" "/dev/input/event6"
[    52.101] (**) Option "_source" "server/udev"
[    52.101] (II) event6  - Intel Virtual Button driver: is tagged by udev as: Keyboard Switch
[    52.101] (II) event6  - Intel Virtual Button driver: device is a keyboard
[    52.101] (II) event6  - Intel Virtual Button driver: device is a switch device
[    52.102] (II) event6  - Intel Virtual Button driver: device removed
[    52.102] (**) Option "config_info" "udev:/sys/devices/pci0000:00/0000:00:1f.0/PNP0C09:01/INT33D6:01/input/input7/event6"
[    52.102] (II) XINPUT: Adding extended input device "Intel Virtual Button driver" (type: KEYBOARD, id 11)
[    52.102] (**) Option "xkb_model" "pc105"
[    52.102] (**) Option "xkb_layout" "us"
[    52.102] (II) event6  - Intel Virtual Button driver: is tagged by udev as: Keyboard Switch
[    52.102] (II) event6  - Intel Virtual Button driver: device is a keyboard
[    52.102] (II) event6  - Intel Virtual Button driver: device is a switch device
[    52.102] (II) config/udev: Adding input device HDA Intel PCH Mic (/dev/input/event12)
[    52.102] (II) No input driver specified, ignoring this device.
[    52.102] (II) This device may have been added with another device file.
[    52.103] (II) config/udev: Adding input device HDA Intel PCH Headphone (/dev/input/event13)
[    52.103] (II) No input driver specified, ignoring this device.
[    52.103] (II) This device may have been added with another device file.
[    52.103] (II) config/udev: Adding input device HDA Intel PCH HDMI/DP,pcm=3 (/dev/input/event14)
[    52.103] (II) No input driver specified, ignoring this device.
[    52.103] (II) This device may have been added with another device file.
[    52.103] (II) config/udev: Adding input device HDA Intel PCH HDMI/DP,pcm=7 (/dev/input/event15)
[    52.103] (II) No input driver specified, ignoring this device.
[    52.103] (II) This device may have been added with another device file.
[    52.104] (II) config/udev: Adding input device HDA Intel PCH HDMI/DP,pcm=8 (/dev/input/event16)
[    52.104] (II) No input driver specified, ignoring this device.
[    52.104] (II) This device may have been added with another device file.
[    52.104] (II) config/udev: Adding input device HDA Intel PCH HDMI/DP,pcm=9 (/dev/input/event17)
[    52.104] (II) No input driver specified, ignoring this device.
[    52.104] (II) This device may have been added with another device file.
[    52.104] (II) config/udev: Adding input device HDA Intel PCH HDMI/DP,pcm=10 (/dev/input/event18)
[    52.104] (II) No input driver specified, ignoring this device.
[    52.104] (II) This device may have been added with another device file.
[    52.104] (II) config/udev: Adding input device Intel Virtual Button driver (/dev/input/event7)
[    52.105] (**) Intel Virtual Button driver: Applying InputClass "libinput keyboard catchall"
[    52.105] (II) Using input driver 'libinput' for 'Intel Virtual Button driver'
[    52.106] (II) systemd-logind: got fd for /dev/input/event7 13:71 fd 29 paused 0
[    52.106] (**) Intel Virtual Button driver: always reports core events
[    52.106] (**) Option "Device" "/dev/input/event7"
[    52.106] (**) Option "_source" "server/udev"
[    52.106] (II) event7  - Intel Virtual Button driver: is tagged by udev as: Keyboard Switch
[    52.107] (II) event7  - Intel Virtual Button driver: device is a keyboard
[    52.107] (II) event7  - Intel Virtual Button driver: device is a switch device
[    52.107] (II) event7  - Intel Virtual Button driver: device removed
[    52.107] (**) Option "config_info" "udev:/sys/devices/platform/INT33D6:00/input/input8/event7"
[    52.107] (II) XINPUT: Adding extended input device "Intel Virtual Button driver" (type: KEYBOARD, id 12)
[    52.107] (**) Option "xkb_model" "pc105"
[    52.107] (**) Option "xkb_layout" "us"
[    52.107] (II) event7  - Intel Virtual Button driver: is tagged by udev as: Keyboard Switch
[    52.107] (II) event7  - Intel Virtual Button driver: device is a keyboard
[    52.107] (II) event7  - Intel Virtual Button driver: device is a switch device
[    52.108] (II) config/udev: Adding input device AT Translated Set 2 keyboard (/dev/input/event3)
[    52.108] (**) AT Translated Set 2 keyboard: Applying InputClass "libinput keyboard catchall"
[    52.108] (II) Using input driver 'libinput' for 'AT Translated Set 2 keyboard'
[    52.114] (II) systemd-logind: got fd for /dev/input/event3 13:67 fd 30 paused 0
[    52.114] (**) AT Translated Set 2 keyboard: always reports core events
[    52.114] (**) Option "Device" "/dev/input/event3"
[    52.114] (**) Option "_source" "server/udev"
[    52.114] (II) event3  - AT Translated Set 2 keyboard: is tagged by udev as: Keyboard
[    52.114] (II) event3  - AT Translated Set 2 keyboard: device is a keyboard
[    52.114] (II) event3  - AT Translated Set 2 keyboard: device removed
[    52.114] (**) Option "config_info" "udev:/sys/devices/platform/i8042/serio0/input/input3/event3"
[    52.114] (II) XINPUT: Adding extended input device "AT Translated Set 2 keyboard" (type: KEYBOARD, id 13)
[    52.114] (**) Option "xkb_model" "pc105"
[    52.114] (**) Option "xkb_layout" "us"
[    52.115] (II) event3  - AT Translated Set 2 keyboard: is tagged by udev as: Keyboard
[    52.115] (II) event3  - AT Translated Set 2 keyboard: device is a keyboard
[    52.115] (II) config/udev: Adding input device SynPS/2 Synaptics TouchPad (/dev/input/event4)
[    52.115] (**) SynPS/2 Synaptics TouchPad: Applying InputClass "libinput touchpad catchall"
[    52.115] (II) Using input driver 'libinput' for 'SynPS/2 Synaptics TouchPad'
[    52.116] (II) systemd-logind: got fd for /dev/input/event4 13:68 fd 31 paused 0
[    52.116] (**) SynPS/2 Synaptics TouchPad: always reports core events
[    52.116] (**) Option "Device" "/dev/input/event4"
[    52.116] (**) Option "_source" "server/udev"
[    52.117] (II) event4  - SynPS/2 Synaptics TouchPad: is tagged by udev as: Touchpad
[    52.117] (II) event4  - SynPS/2 Synaptics TouchPad: device is a touchpad
[    52.117] (II) event4  - SynPS/2 Synaptics TouchPad: device removed
[    52.117] (**) Option "config_info" "udev:/sys/devices/platform/i8042/serio1/input/input5/event4"
[    52.117] (II) XINPUT: Adding extended input device "SynPS/2 Synaptics TouchPad" (type: TOUCHPAD, id 14)
[    52.117] (**) Option "AccelerationScheme" "none"
[    52.117] (**) SynPS/2 Synaptics TouchPad: (accel) selected scheme none/0
[    52.117] (**) SynPS/2 Synaptics TouchPad: (accel) acceleration factor: 2.000
[    52.117] (**) SynPS/2 Synaptics TouchPad: (accel) acceleration threshold: 4
[    52.118] (II) event4  - SynPS/2 Synaptics TouchPad: is tagged by udev as: Touchpad
[    52.118] (II) event4  - SynPS/2 Synaptics TouchPad: device is a touchpad
[    52.118] (II) config/udev: Adding input device SynPS/2 Synaptics TouchPad (/dev/input/mouse0)
[    52.118] (II) No input driver specified, ignoring this device.
[    52.118] (II) This device may have been added with another device file.
[    52.121] (II) config/udev: Adding input device HP WMI hotkeys (/dev/input/event10)
[    52.121] (**) HP WMI hotkeys: Applying InputClass "libinput keyboard catchall"
[    52.121] (II) Using input driver 'libinput' for 'HP WMI hotkeys'
[    52.122] (II) systemd-logind: got fd for /dev/input/event10 13:74 fd 32 paused 0
[    52.122] (**) HP WMI hotkeys: always reports core events
[    52.122] (**) Option "Device" "/dev/input/event10"
[    52.122] (**) Option "_source" "server/udev"
[    52.123] (II) event10 - HP WMI hotkeys: is tagged by udev as: Keyboard Switch
[    52.123] (II) event10 - HP WMI hotkeys: device is a keyboard
[    52.123] (II) event10 - HP WMI hotkeys: device removed
[    52.123] (**) Option "config_info" "udev:/sys/devices/virtual/input/input25/event10"
[    52.123] (II) XINPUT: Adding extended input device "HP WMI hotkeys" (type: KEYBOARD, id 15)
[    52.123] (**) Option "xkb_model" "pc105"
[    52.123] (**) Option "xkb_layout" "us"
[    52.123] (II) event10 - HP WMI hotkeys: is tagged by udev as: Keyboard Switch
[    52.123] (II) event10 - HP WMI hotkeys: device is a keyboard
[    52.124] (II) config/udev: Adding input device HP Wireless hotkeys (/dev/input/event5)
[    52.124] (**) HP Wireless hotkeys: Applying InputClass "libinput keyboard catchall"
[    52.124] (II) Using input driver 'libinput' for 'HP Wireless hotkeys'
[    52.126] (II) systemd-logind: got fd for /dev/input/event5 13:69 fd 33 paused 0
[    52.126] (**) HP Wireless hotkeys: always reports core events
[    52.126] (**) Option "Device" "/dev/input/event5"
[    52.126] (**) Option "_source" "server/udev"
[    52.127] (II) event5  - HP Wireless hotkeys: is tagged by udev as: Keyboard
[    52.127] (II) event5  - HP Wireless hotkeys: device is a keyboard
[    52.127] (II) event5  - HP Wireless hotkeys: device removed
[    52.127] (**) Option "config_info" "udev:/sys/devices/virtual/input/input6/event5"
[    52.127] (II) XINPUT: Adding extended input device "HP Wireless hotkeys" (type: KEYBOARD, id 16)
[    52.127] (**) Option "xkb_model" "pc105"
[    52.127] (**) Option "xkb_layout" "us"
[    52.128] (II) event5  - HP Wireless hotkeys: is tagged by udev as: Keyboard
[    52.128] (II) event5  - HP Wireless hotkeys: device is a keyboard
[    53.703] (II) modeset(0): EDID vendor "SDC", prod id 22340
[    53.703] (II) modeset(0): Printing DDC gathered Modelines:
[    53.703] (II) modeset(0): Modeline "1920x1080"x0.0  142.90  1920 1968 2000 2082  1080 1082 1087 1144 -hsync -vsync (68.6 kHz eP)
[    53.703] (II) modeset(0): Modeline "1920x1080"x0.0   95.27  1920 1968 2000 2082  1080 1082 1087 1144 -hsync -vsync (45.8 kHz e)
[  2449.237] (**) Option "fd" "27"
[  2449.237] (II) event8  - ELAN0732:00 04F3:2B28: device removed
[  2714.744] (II) event8  - ELAN0732:00 04F3:2B28: is tagged by udev as: Touchscreen
[  2714.744] (II) event8  - ELAN0732:00 04F3:2B28: device is a touch device
